<?xml version="1.0" encoding="UTF-8"?>
<!-- Generated by org.testng.reporters.JUnitXMLReporter -->
<testsuite ignored="0" hostname="DESKTOP-KFPD178" failures="0" tests="5" name="Default test" time="0.079" errors="0" timestamp="25 Jan 2022 20:35:51 GMT">
  <testcase classname="TestNgSessions.InvocationCounTest" name="loginTest" time="0.011"/>
  <testcase classname="TestNgSessions.InvocationCounTest" name="loginTest" time="0.001"/>
  <testcase classname="TestNgSessions.InvocationCounTest" name="loginTest" time="0.002"/>
  <testcase classname="TestNgSessions.InvocationCounTest" name="loginTest" time="0.003"/>
  <testcase classname="TestNgSessions.InvocationCounTest" name="loginTest" time="0.001"/>
</testsuite> <!-- Default test -->
