<?xml version="1.0" encoding="UTF-8"?>
<testng-results ignored="0" total="5" passed="5" failed="0" skipped="0">
  <reporter-output>
  </reporter-output>
  <suite started-at="2022-01-25T20:35:51Z" name="Default suite" finished-at="2022-01-25T20:35:51Z" duration-ms="79">
    <groups>
    </groups>
    <test started-at="2022-01-25T20:35:51Z" name="Default test" finished-at="2022-01-25T20:35:51Z" duration-ms="79">
      <class name="TestNgSessions.InvocationCounTest">
        <test-method signature="loginTest()[pri:0, instance:TestNgSessions.InvocationCounTest@c0c2f8d]" started-at="2022-01-25T20:35:51Z" name="loginTest" finished-at="2022-01-25T20:35:51Z" duration-ms="11" status="PASS">
          <reporter-output>
          </reporter-output>
        </test-method> <!-- loginTest -->
        <test-method signature="loginTest()[pri:0, instance:TestNgSessions.InvocationCounTest@c0c2f8d]" started-at="2022-01-25T20:35:51Z" name="loginTest" finished-at="2022-01-25T20:35:51Z" duration-ms="1" status="PASS">
          <reporter-output>
          </reporter-output>
        </test-method> <!-- loginTest -->
        <test-method signature="loginTest()[pri:0, instance:TestNgSessions.InvocationCounTest@c0c2f8d]" started-at="2022-01-25T20:35:51Z" name="loginTest" finished-at="2022-01-25T20:35:51Z" duration-ms="2" status="PASS">
          <reporter-output>
          </reporter-output>
        </test-method> <!-- loginTest -->
        <test-method signature="loginTest()[pri:0, instance:TestNgSessions.InvocationCounTest@c0c2f8d]" started-at="2022-01-25T20:35:51Z" name="loginTest" finished-at="2022-01-25T20:35:51Z" duration-ms="3" status="PASS">
          <reporter-output>
          </reporter-output>
        </test-method> <!-- loginTest -->
        <test-method signature="loginTest()[pri:0, instance:TestNgSessions.InvocationCounTest@c0c2f8d]" started-at="2022-01-25T20:35:51Z" name="loginTest" finished-at="2022-01-25T20:35:51Z" duration-ms="1" status="PASS">
          <reporter-output>
          </reporter-output>
        </test-method> <!-- loginTest -->
      </class> <!-- TestNgSessions.InvocationCounTest -->
    </test> <!-- Default test -->
  </suite> <!-- Default suite -->
</testng-results>
