<?xml version="1.0" encoding="UTF-8"?>
<!-- Generated by org.testng.reporters.JUnitXMLReporter -->
<testsuite ignored="0" hostname="DESKTOP-KFPD178" failures="3" tests="3" name="Noot Test " time="27.751" errors="0" timestamp="25 Jan 2022 18:16:33 GMT">
  <testcase classname="TestNgSessions.NoonTest" name="@AfterTest tearDwon" time="0.0">
    <failure type="java.lang.NullPointerException" message="Cannot invoke &amp;quot;org.openqa.selenium.WebDriver.quit()&amp;quot; because &amp;quot;this.driver&amp;quot; is null">
      <![CDATA[java.lang.NullPointerException: Cannot invoke "org.openqa.selenium.WebDriver.quit()" because "this.driver" is null
at TestNgSessions.NoonTest.tearDwon(NoonTest.java:40)
... Removed 24 stack frames]]>
    </failure>
  </testcase> <!-- @AfterTest tearDwon -->
  <testcase classname="TestNgSessions.NoonTest" name="noonSinginTest" time="0.005">
    <failure type="java.lang.NullPointerException" message="Cannot invoke &amp;quot;org.openqa.selenium.WebDriver.findElement(org.openqa.selenium.By)&amp;quot; because &amp;quot;this.driver&amp;quot; is null">
      <![CDATA[java.lang.NullPointerException: Cannot invoke "org.openqa.selenium.WebDriver.findElement(org.openqa.selenium.By)" because "this.driver" is null
at TestNgSessions.NoonTest.noonSinginTest(NoonTest.java:33)
... Removed 25 stack frames]]>
    </failure>
  </testcase> <!-- noonSinginTest -->
  <testcase classname="TestNgSessions.NoonTest" name="noonTitleTest" time="0.002">
    <failure type="java.lang.NullPointerException" message="Cannot invoke &amp;quot;org.openqa.selenium.WebDriver.get(String)&amp;quot; because &amp;quot;this.driver&amp;quot; is null">
      <![CDATA[java.lang.NullPointerException: Cannot invoke "org.openqa.selenium.WebDriver.get(String)" because "this.driver" is null
at TestNgSessions.NoonTest.noonTitleTest(NoonTest.java:20)
... Removed 25 stack frames]]>
    </failure>
  </testcase> <!-- noonTitleTest -->
  <testcase classname="TestNgSessions.NoonTest" name="noonLogoTest" time="0.001">
    <failure type="java.lang.NullPointerException" message="Cannot invoke &amp;quot;org.openqa.selenium.WebDriver.findElement(org.openqa.selenium.By)&amp;quot; because &amp;quot;this.driver&amp;quot; is null">
      <![CDATA[java.lang.NullPointerException: Cannot invoke "org.openqa.selenium.WebDriver.findElement(org.openqa.selenium.By)" because "this.driver" is null
at TestNgSessions.NoonTest.noonLogoTest(NoonTest.java:28)
... Removed 25 stack frames]]>
    </failure>
  </testcase> <!-- noonLogoTest -->
</testsuite> <!-- Noot Test  -->
